nftset=/youtube.com/4#inet#fw4#vpn_domains
nftset=/youtu.be/4#inet#fw4#vpn_domains
nftset=/googlevideo.com/4#inet#fw4#vpn_domains
nftset=/nhacmp3youtube.com/4#inet#fw4#vpn_domains
nftset=/youtubei.googleapis.com/4#inet#fw4#vpn_domains
nftset=/yt3.ggpht.com/4#inet#fw4#vpn_domains
nftset=/ytimg.com/4#inet#fw4#vpn_domains
nftset=/exler.es/4#inet#fw4#vpn_domains
nftset=/flibusta.is/4#inet#fw4#vpn_domains
nftset=/rutracker.org/4#inet#fw4#vpn_domains
nftset=/discord-attachments-uploads-prd.storage.googleapis.com/4#inet#fw4#vpn_domains
nftset=/dis.gd/4#inet#fw4#vpn_domains
nftset=/discord.co/4#inet#fw4#vpn_domains
nftset=/discord.com/4#inet#fw4#vpn_domains
nftset=/discord.design/4#inet#fw4#vpn_domains
nftset=/discord.dev/4#inet#fw4#vpn_domains
nftset=/discord.gg/4#inet#fw4#vpn_domains
nftset=/discord.gift/4#inet#fw4#vpn_domains
nftset=/discord.gifts/4#inet#fw4#vpn_domains
nftset=/discord.media/4#inet#fw4#vpn_domains
nftset=/discord.new/4#inet#fw4#vpn_domains
nftset=/discord.store/4#inet#fw4#vpn_domains
nftset=/discord.tools/4#inet#fw4#vpn_domains
nftset=/discordapp.com/4#inet#fw4#vpn_domains
nftset=/discordapp.net/4#inet#fw4#vpn_domains
nftset=/discordmerch.com/4#inet#fw4#vpn_domains
nftset=/discordpartygames.com/4#inet#fw4#vpn_domains
nftset=/discord-activities.com/4#inet#fw4#vpn_domains
nftset=/discordactivities.com/4#inet#fw4#vpn_domains
nftset=/discordsays.com/4#inet#fw4#vpn_domains
nftset=/discordstatus.com/4#inet#fw4#vpn_domains
nftset=/instagram.com/4#inet#fw4#vpn_domains
nftset=/cdninstagram.com/4#inet#fw4#vpn_domains
nftset=/igcdn-photos-e-a.akamaihd.net/4#inet#fw4#vpn_domains
nftset=/instagramstatic.com/4#inet#fw4#vpn_domains